TN:
SF:src/auth.ts
FN:20,generateJWTSecret
FN:25,generateJWT
FN:29,generateJWTWithConfig
FN:43,verifyJWT
FN:52,verifyJWTWithPayload
FN:61,hasRequiredRoles
FN:65,(anonymous_7)
FNF:7
FNH:7
FNDA:4,generateJWTSecret
FNDA:3,generateJWT
FNDA:3,generateJWTWithConfig
FNDA:3,verifyJWT
FNDA:2,verifyJWTWithPayload
FNDA:5,hasRequiredRoles
FNDA:2,(anonymous_7)
DA:1,1
DA:2,1
DA:20,1
DA:21,4
DA:22,4
DA:25,1
DA:26,3
DA:29,1
DA:30,3
DA:36,3
DA:40,3
DA:43,1
DA:44,3
DA:45,3
DA:46,1
DA:48,2
DA:52,1
DA:53,2
DA:54,2
DA:55,1
DA:57,1
DA:61,1
DA:62,5
DA:63,4
DA:65,2
LF:25
LH:25
BRDA:20,0,0,1
BRDA:31,1,0,3
BRDA:31,1,1,2
BRDA:32,2,0,3
BRDA:32,2,1,2
BRDA:37,3,0,3
BRDA:37,3,1,2
BRDA:62,4,0,1
BRDA:62,4,1,4
BRDA:63,5,0,2
BRDA:63,5,1,2
BRDA:63,6,0,4
BRDA:63,6,1,3
BRF:13
BRH:13
end_of_record
TN:
SF:src/mcp-remote.ts
FN:18,startServer
FN:33,(anonymous_11)
FN:38,(anonymous_12)
FN:43,(anonymous_13)
FN:44,(anonymous_14)
FN:67,(anonymous_15)
FN:73,(anonymous_16)
FN:80,(anonymous_17)
FN:87,(anonymous_18)
FN:94,(anonymous_19)
FN:126,(anonymous_20)
FN:152,(anonymous_21)
FN:157,(anonymous_22)
FN:163,(anonymous_23)
FN:170,(anonymous_24)
FN:180,(anonymous_25)
FN:181,(anonymous_26)
FN:192,(anonymous_27)
FN:206,(anonymous_28)
FN:241,(anonymous_29)
FN:281,(anonymous_30)
FN:291,(anonymous_31)
FN:301,(anonymous_32)
FN:305,(anonymous_33)
FN:310,(anonymous_34)
FN:325,(anonymous_35)
FN:333,(anonymous_36)
FN:341,(anonymous_37)
FN:347,(anonymous_38)
FN:355,startClient
FN:374,calculateCurrentBackoffDelay
FN:379,(anonymous_41)
FN:380,(anonymous_42)
FN:407,(anonymous_43)
FN:414,(anonymous_44)
FN:416,(anonymous_45)
FN:435,(anonymous_46)
FN:441,connectTcp
FN:448,(anonymous_48)
FN:454,(anonymous_49)
FN:511,(anonymous_50)
FN:546,(anonymous_51)
FN:552,(anonymous_52)
FN:561,(anonymous_53)
FN:573,(anonymous_54)
FN:592,connectWs
FN:603,(anonymous_56)
FN:610,(anonymous_57)
FN:617,(anonymous_58)
FN:631,(anonymous_59)
FN:671,(anonymous_60)
FN:694,(anonymous_61)
FN:717,(anonymous_62)
FN:721,(anonymous_63)
FN:729,(anonymous_64)
FN:740,(anonymous_65)
FN:752,(anonymous_66)
FN:782,(anonymous_67)
FN:798,handleGenerateSecret
FN:813,handleGenerateToken
FN:856,handleGeneratePermissions
FN:880,(anonymous_71)
FN:884,(anonymous_72)
FN:889,(anonymous_73)
FN:893,(anonymous_74)
FN:898,(anonymous_75)
FN:1000,(anonymous_76)
FN:1045,(anonymous_77)
FN:1053,(anonymous_78)
FN:1063,parseArgs
FN:1148,(anonymous_80)
FN:1150,(anonymous_81)
FNF:72
FNH:0
FNDA:0,startServer
FNDA:0,(anonymous_11)
FNDA:0,(anonymous_12)
FNDA:0,(anonymous_13)
FNDA:0,(anonymous_14)
FNDA:0,(anonymous_15)
FNDA:0,(anonymous_16)
FNDA:0,(anonymous_17)
FNDA:0,(anonymous_18)
FNDA:0,(anonymous_19)
FNDA:0,(anonymous_20)
FNDA:0,(anonymous_21)
FNDA:0,(anonymous_22)
FNDA:0,(anonymous_23)
FNDA:0,(anonymous_24)
FNDA:0,(anonymous_25)
FNDA:0,(anonymous_26)
FNDA:0,(anonymous_27)
FNDA:0,(anonymous_28)
FNDA:0,(anonymous_29)
FNDA:0,(anonymous_30)
FNDA:0,(anonymous_31)
FNDA:0,(anonymous_32)
FNDA:0,(anonymous_33)
FNDA:0,(anonymous_34)
FNDA:0,(anonymous_35)
FNDA:0,(anonymous_36)
FNDA:0,(anonymous_37)
FNDA:0,(anonymous_38)
FNDA:0,startClient
FNDA:0,calculateCurrentBackoffDelay
FNDA:0,(anonymous_41)
FNDA:0,(anonymous_42)
FNDA:0,(anonymous_43)
FNDA:0,(anonymous_44)
FNDA:0,(anonymous_45)
FNDA:0,(anonymous_46)
FNDA:0,connectTcp
FNDA:0,(anonymous_48)
FNDA:0,(anonymous_49)
FNDA:0,(anonymous_50)
FNDA:0,(anonymous_51)
FNDA:0,(anonymous_52)
FNDA:0,(anonymous_53)
FNDA:0,(anonymous_54)
FNDA:0,connectWs
FNDA:0,(anonymous_56)
FNDA:0,(anonymous_57)
FNDA:0,(anonymous_58)
FNDA:0,(anonymous_59)
FNDA:0,(anonymous_60)
FNDA:0,(anonymous_61)
FNDA:0,(anonymous_62)
FNDA:0,(anonymous_63)
FNDA:0,(anonymous_64)
FNDA:0,(anonymous_65)
FNDA:0,(anonymous_66)
FNDA:0,(anonymous_67)
FNDA:0,handleGenerateSecret
FNDA:0,handleGenerateToken
FNDA:0,handleGeneratePermissions
FNDA:0,(anonymous_71)
FNDA:0,(anonymous_72)
FNDA:0,(anonymous_73)
FNDA:0,(anonymous_74)
FNDA:0,(anonymous_75)
FNDA:0,(anonymous_76)
FNDA:0,(anonymous_77)
FNDA:0,(anonymous_78)
FNDA:0,parseArgs
FNDA:0,(anonymous_80)
FNDA:0,(anonymous_81)
DA:3,0
DA:4,0
DA:5,0
DA:6,0
DA:7,0
DA:8,0
DA:9,0
DA:10,0
DA:11,0
DA:19,0
DA:20,0
DA:21,0
DA:24,0
DA:25,0
DA:26,0
DA:27,0
DA:28,0
DA:30,0
DA:33,0
DA:34,0
DA:35,0
DA:38,0
DA:39,0
DA:43,0
DA:44,0
DA:45,0
DA:46,0
DA:47,0
DA:48,0
DA:50,0
DA:51,0
DA:52,0
DA:53,0
DA:58,0
DA:59,0
DA:64,0
DA:67,0
DA:68,0
DA:69,0
DA:70,0
DA:73,0
DA:74,0
DA:75,0
DA:76,0
DA:79,0
DA:80,0
DA:81,0
DA:82,0
DA:85,0
DA:87,0
DA:88,0
DA:89,0
DA:92,0
DA:94,0
DA:95,0
DA:96,0
DA:97,0
DA:98,0
DA:99,0
DA:100,0
DA:108,0
DA:109,0
DA:111,0
DA:112,0
DA:121,0
DA:123,0
DA:126,0
DA:127,0
DA:128,0
DA:129,0
DA:130,0
DA:131,0
DA:135,0
DA:136,0
DA:144,0
DA:148,0
DA:149,0
DA:152,0
DA:153,0
DA:154,0
DA:157,0
DA:158,0
DA:159,0
DA:163,0
DA:164,0
DA:166,0
DA:167,0
DA:168,0
DA:170,0
DA:171,0
DA:172,0
DA:174,0
DA:180,0
DA:181,0
DA:182,0
DA:183,0
DA:185,0
DA:190,0
DA:192,0
DA:193,0
DA:194,0
DA:202,0
DA:206,0
DA:207,0
DA:209,0
DA:210,0
DA:211,0
DA:212,0
DA:213,0
DA:214,0
DA:215,0
DA:223,0
DA:224,0
DA:226,0
DA:227,0
DA:230,0
DA:240,0
DA:241,0
DA:242,0
DA:243,0
DA:247,0
DA:248,0
DA:250,0
DA:251,0
DA:259,0
DA:263,0
DA:264,0
DA:265,0
DA:266,0
DA:267,0
DA:268,0
DA:270,0
DA:271,0
DA:272,0
DA:276,0
DA:281,0
DA:282,0
DA:283,0
DA:284,0
DA:285,0
DA:286,0
DA:287,0
DA:291,0
DA:292,0
DA:293,0
DA:294,0
DA:295,0
DA:296,0
DA:297,0
DA:301,0
DA:302,0
DA:305,0
DA:306,0
DA:307,0
DA:310,0
DA:311,0
DA:312,0
DA:313,0
DA:314,0
DA:317,0
DA:321,0
DA:322,0
DA:323,0
DA:325,0
DA:326,0
DA:327,0
DA:328,0
DA:329,0
DA:330,0
DA:333,0
DA:334,0
DA:335,0
DA:336,0
DA:337,0
DA:338,0
DA:341,0
DA:342,0
DA:347,0
DA:348,0
DA:351,0
DA:356,0
DA:357,0
DA:358,0
DA:359,0
DA:361,0
DA:365,0
DA:366,0
DA:370,0
DA:371,0
DA:375,0
DA:379,0
DA:380,0
DA:381,0
DA:382,0
DA:383,0
DA:384,0
DA:385,0
DA:386,0
DA:388,0
DA:389,0
DA:390,0
DA:391,0
DA:392,0
DA:393,0
DA:395,0
DA:396,0
DA:398,0
DA:399,0
DA:407,0
DA:408,0
DA:409,0
DA:414,0
DA:415,0
DA:416,0
DA:417,0
DA:418,0
DA:419,0
DA:420,0
DA:422,0
DA:423,0
DA:424,0
DA:425,0
DA:427,0
DA:429,0
DA:430,0
DA:435,0
DA:436,0
DA:437,0
DA:442,0
DA:443,0
DA:444,0
DA:446,0
DA:448,0
DA:449,0
DA:451,0
DA:452,0
DA:453,0
DA:454,0
DA:455,0
DA:456,0
DA:457,0
DA:458,0
DA:459,0
DA:460,0
DA:461,0
DA:462,0
DA:463,0
DA:464,0
DA:465,0
DA:468,0
DA:469,0
DA:470,0
DA:471,0
DA:472,0
DA:473,0
DA:474,0
DA:479,0
DA:480,0
DA:481,0
DA:484,0
DA:485,0
DA:486,0
DA:490,0
DA:491,0
DA:492,0
DA:493,0
DA:494,0
DA:495,0
DA:498,0
DA:499,0
DA:500,0
DA:501,0
DA:502,0
DA:503,0
DA:504,0
DA:511,0
DA:512,0
DA:513,0
DA:516,0
DA:517,0
DA:518,0
DA:520,0
DA:521,0
DA:523,0
DA:524,0
DA:526,0
DA:527,0
DA:528,0
DA:534,0
DA:537,0
DA:538,0
DA:542,0
DA:546,0
DA:547,0
DA:548,0
DA:549,0
DA:552,0
DA:553,0
DA:554,0
DA:555,0
DA:557,0
DA:558,0
DA:559,0
DA:561,0
DA:562,0
DA:563,0
DA:564,0
DA:566,0
DA:567,0
DA:568,0
DA:573,0
DA:574,0
DA:575,0
DA:576,0
DA:578,0
DA:579,0
DA:580,0
DA:582,0
DA:583,0
DA:584,0
DA:589,0
DA:593,0
DA:596,0
DA:598,0
DA:600,0
DA:603,0
DA:604,0
DA:605,0
DA:606,0
DA:610,0
DA:611,0
DA:612,0
DA:614,0
DA:615,0
DA:616,0
DA:617,0
DA:618,0
DA:619,0
DA:620,0
DA:621,0
DA:622,0
DA:623,0
DA:624,0
DA:625,0
DA:626,0
DA:627,0
DA:628,0
DA:631,0
DA:632,0
DA:633,0
DA:634,0
DA:636,0
DA:641,0
DA:642,0
DA:643,0
DA:644,0
DA:645,0
DA:646,0
DA:647,0
DA:652,0
DA:653,0
DA:654,0
DA:657,0
DA:658,0
DA:659,0
DA:663,0
DA:664,0
DA:665,0
DA:666,0
DA:667,0
DA:668,0
DA:671,0
DA:672,0
DA:673,0
DA:674,0
DA:676,0
DA:681,0
DA:682,0
DA:683,0
DA:684,0
DA:685,0
DA:686,0
DA:687,0
DA:694,0
DA:695,0
DA:696,0
DA:697,0
DA:700,0
DA:701,0
DA:703,0
DA:704,0
DA:705,0
DA:711,0
DA:713,0
DA:717,0
DA:718,0
DA:721,0
DA:722,0
DA:723,0
DA:724,0
DA:725,0
DA:726,0
DA:729,0
DA:730,0
DA:731,0
DA:732,0
DA:733,0
DA:734,0
DA:736,0
DA:737,0
DA:738,0
DA:740,0
DA:741,0
DA:742,0
DA:743,0
DA:745,0
DA:746,0
DA:747,0
DA:752,0
DA:753,0
DA:754,0
DA:755,0
DA:757,0
DA:758,0
DA:759,0
DA:760,0
DA:762,0
DA:763,0
DA:766,0
DA:767,0
DA:768,0
DA:774,0
DA:775,0
DA:776,0
DA:777,0
DA:779,0
DA:782,0
DA:783,0
DA:784,0
DA:785,0
DA:786,0
DA:787,0
DA:788,0
DA:789,0
DA:790,0
DA:793,0
DA:794,0
DA:799,0
DA:800,0
DA:802,0
DA:803,0
DA:804,0
DA:807,0
DA:808,0
DA:809,0
DA:810,0
DA:814,0
DA:815,0
DA:816,0
DA:817,0
DA:818,0
DA:820,0
DA:821,0
DA:822,0
DA:826,0
DA:827,0
DA:828,0
DA:830,0
DA:833,0
DA:840,0
DA:841,0
DA:842,0
DA:845,0
DA:846,0
DA:847,0
DA:848,0
DA:849,0
DA:850,0
DA:853,0
DA:857,0
DA:858,0
DA:860,0
DA:861,0
DA:862,0
DA:865,0
DA:866,0
DA:867,0
DA:869,0
DA:870,0
DA:871,0
DA:874,0
DA:875,0
DA:877,0
DA:878,0
DA:880,0
DA:881,0
DA:882,0
DA:884,0
DA:885,0
DA:886,0
DA:889,0
DA:890,0
DA:893,0
DA:894,0
DA:895,0
DA:897,0
DA:898,0
DA:899,0
DA:900,0
DA:902,0
DA:903,0
DA:906,0
DA:907,0
DA:908,0
DA:911,0
DA:917,0
DA:918,0
DA:921,0
DA:927,0
DA:928,0
DA:931,0
DA:937,0
DA:938,0
DA:942,0
DA:943,0
DA:944,0
DA:945,0
DA:946,0
DA:951,0
DA:952,0
DA:953,0
DA:954,0
DA:955,0
DA:956,0
DA:957,0
DA:962,0
DA:963,0
DA:964,0
DA:965,0
DA:966,0
DA:971,0
DA:973,0
DA:974,0
DA:975,0
DA:976,0
DA:977,0
DA:978,0
DA:979,0
DA:980,0
DA:981,0
DA:982,0
DA:985,0
DA:995,0
DA:996,0
DA:997,0
DA:998,0
DA:999,0
DA:1000,0
DA:1001,0
DA:1003,0
DA:1004,0
DA:1006,0
DA:1007,0
DA:1008,0
DA:1012,0
DA:1016,0
DA:1020,0
DA:1021,0
DA:1039,0
DA:1040,0
DA:1041,0
DA:1045,0
DA:1046,0
DA:1047,0
DA:1048,0
DA:1053,0
DA:1054,0
DA:1055,0
DA:1056,0
DA:1057,0
DA:1064,0
DA:1067,0
DA:1068,0
DA:1071,0
DA:1072,0
DA:1075,0
DA:1077,0
DA:1080,0
DA:1081,0
DA:1082,0
DA:1083,0
DA:1084,0
DA:1085,0
DA:1086,0
DA:1087,0
DA:1090,0
DA:1091,0
DA:1093,0
DA:1094,0
DA:1095,0
DA:1096,0
DA:1097,0
DA:1098,0
DA:1099,0
DA:1100,0
DA:1101,0
DA:1102,0
DA:1104,0
DA:1105,0
DA:1106,0
DA:1109,0
DA:1110,0
DA:1111,0
DA:1112,0
DA:1113,0
DA:1114,0
DA:1115,0
DA:1116,0
DA:1117,0
DA:1119,0
DA:1120,0
DA:1121,0
DA:1122,0
DA:1123,0
DA:1126,0
DA:1144,0
DA:1145,0
DA:1146,0
DA:1147,0
DA:1148,0
DA:1149,0
DA:1151,0
DA:1152,0
LF:633
LH:0
BRDA:24,0,0,0
BRDA:24,0,1,0
BRDA:26,1,0,0
BRDA:26,1,1,0
BRDA:45,2,0,0
BRDA:45,2,1,0
BRDA:46,3,0,0
BRDA:46,3,1,0
BRDA:46,4,0,0
BRDA:46,4,1,0
BRDA:46,4,2,0
BRDA:50,5,0,0
BRDA:50,5,1,0
BRDA:51,6,0,0
BRDA:51,6,1,0
BRDA:51,7,0,0
BRDA:51,7,1,0
BRDA:58,8,0,0
BRDA:58,8,1,0
BRDA:79,9,0,0
BRDA:79,9,1,0
BRDA:92,10,0,0
BRDA:92,10,1,0
BRDA:97,11,0,0
BRDA:97,11,1,0
BRDA:97,12,0,0
BRDA:97,12,1,0
BRDA:98,13,0,0
BRDA:98,13,1,0
BRDA:98,14,0,0
BRDA:98,14,1,0
BRDA:99,15,0,0
BRDA:99,15,1,0
BRDA:105,16,0,0
BRDA:105,16,1,0
BRDA:111,17,0,0
BRDA:111,17,1,0
BRDA:111,18,0,0
BRDA:111,18,1,0
BRDA:117,19,0,0
BRDA:117,19,1,0
BRDA:121,20,0,0
BRDA:121,20,1,0
BRDA:128,21,0,0
BRDA:128,21,1,0
BRDA:128,22,0,0
BRDA:128,22,1,0
BRDA:130,23,0,0
BRDA:130,23,1,0
BRDA:166,24,0,0
BRDA:166,24,1,0
BRDA:182,25,0,0
BRDA:182,25,1,0
BRDA:190,26,0,0
BRDA:190,26,1,0
BRDA:207,27,0,0
BRDA:207,27,1,0
BRDA:212,28,0,0
BRDA:212,28,1,0
BRDA:212,29,0,0
BRDA:212,29,1,0
BRDA:213,30,0,0
BRDA:213,30,1,0
BRDA:213,31,0,0
BRDA:213,31,1,0
BRDA:214,32,0,0
BRDA:214,32,1,0
BRDA:220,33,0,0
BRDA:220,33,1,0
BRDA:226,34,0,0
BRDA:226,34,1,0
BRDA:226,35,0,0
BRDA:226,35,1,0
BRDA:235,36,0,0
BRDA:235,36,1,0
BRDA:240,37,0,0
BRDA:240,37,1,0
BRDA:242,38,0,0
BRDA:242,38,1,0
BRDA:266,39,0,0
BRDA:266,39,1,0
BRDA:266,40,0,0
BRDA:266,40,1,0
BRDA:267,41,0,0
BRDA:267,41,1,0
BRDA:267,42,0,0
BRDA:267,42,1,0
BRDA:270,43,0,0
BRDA:270,43,1,0
BRDA:271,44,0,0
BRDA:271,44,1,0
BRDA:286,45,0,0
BRDA:286,45,1,0
BRDA:296,46,0,0
BRDA:296,46,1,0
BRDA:306,47,0,0
BRDA:306,47,1,0
BRDA:312,48,0,0
BRDA:312,48,1,0
BRDA:313,49,0,0
BRDA:313,49,1,0
BRDA:313,50,0,0
BRDA:313,50,1,0
BRDA:357,51,0,0
BRDA:357,51,1,0
BRDA:365,52,0,0
BRDA:365,52,1,0
BRDA:370,53,0,0
BRDA:370,53,1,0
BRDA:381,54,0,0
BRDA:381,54,1,0
BRDA:382,55,0,0
BRDA:382,55,1,0
BRDA:383,56,0,0
BRDA:383,56,1,0
BRDA:383,57,0,0
BRDA:383,57,1,0
BRDA:383,57,2,0
BRDA:388,58,0,0
BRDA:388,58,1,0
BRDA:389,59,0,0
BRDA:389,59,1,0
BRDA:389,60,0,0
BRDA:389,60,1,0
BRDA:393,61,0,0
BRDA:393,61,1,0
BRDA:408,62,0,0
BRDA:408,62,1,0
BRDA:417,63,0,0
BRDA:417,63,1,0
BRDA:417,64,0,0
BRDA:417,64,1,0
BRDA:420,65,0,0
BRDA:420,65,1,0
BRDA:422,66,0,0
BRDA:422,66,1,0
BRDA:424,67,0,0
BRDA:424,67,1,0
BRDA:427,68,0,0
BRDA:427,68,1,0
BRDA:436,69,0,0
BRDA:436,69,1,0
BRDA:442,70,0,0
BRDA:442,70,1,0
BRDA:446,71,0,0
BRDA:446,71,1,0
BRDA:449,72,0,0
BRDA:449,72,1,0
BRDA:451,73,0,0
BRDA:451,73,1,0
BRDA:459,74,0,0
BRDA:459,74,1,0
BRDA:459,75,0,0
BRDA:459,75,1,0
BRDA:463,76,0,0
BRDA:463,76,1,0
BRDA:468,77,0,0
BRDA:468,77,1,0
BRDA:472,78,0,0
BRDA:472,78,1,0
BRDA:473,79,0,0
BRDA:473,79,1,0
BRDA:479,80,0,0
BRDA:479,80,1,0
BRDA:493,81,0,0
BRDA:493,81,1,0
BRDA:498,82,0,0
BRDA:498,82,1,0
BRDA:502,83,0,0
BRDA:502,83,1,0
BRDA:503,84,0,0
BRDA:503,84,1,0
BRDA:513,85,0,0
BRDA:513,85,1,0
BRDA:521,86,0,0
BRDA:521,86,1,0
BRDA:526,87,0,0
BRDA:526,87,1,0
BRDA:526,88,0,0
BRDA:526,88,1,0
BRDA:526,88,2,0
BRDA:537,89,0,0
BRDA:537,89,1,0
BRDA:557,90,0,0
BRDA:557,90,1,0
BRDA:557,91,0,0
BRDA:557,91,1,0
BRDA:557,91,2,0
BRDA:557,92,0,0
BRDA:557,92,1,0
BRDA:559,93,0,0
BRDA:559,93,1,0
BRDA:566,94,0,0
BRDA:566,94,1,0
BRDA:566,95,0,0
BRDA:566,95,1,0
BRDA:575,96,0,0
BRDA:575,96,1,0
BRDA:578,97,0,0
BRDA:578,97,1,0
BRDA:593,98,0,0
BRDA:593,98,1,0
BRDA:600,99,0,0
BRDA:600,99,1,0
BRDA:605,100,0,0
BRDA:605,100,1,0
BRDA:611,101,0,0
BRDA:611,101,1,0
BRDA:614,102,0,0
BRDA:614,102,1,0
BRDA:622,103,0,0
BRDA:622,103,1,0
BRDA:622,104,0,0
BRDA:622,104,1,0
BRDA:626,105,0,0
BRDA:626,105,1,0
BRDA:632,106,0,0
BRDA:632,106,1,0
BRDA:641,107,0,0
BRDA:641,107,1,0
BRDA:645,108,0,0
BRDA:645,108,1,0
BRDA:645,109,0,0
BRDA:645,109,1,0
BRDA:646,110,0,0
BRDA:646,110,1,0
BRDA:652,111,0,0
BRDA:652,111,1,0
BRDA:666,112,0,0
BRDA:666,112,1,0
BRDA:672,113,0,0
BRDA:672,113,1,0
BRDA:681,114,0,0
BRDA:681,114,1,0
BRDA:685,115,0,0
BRDA:685,115,1,0
BRDA:685,116,0,0
BRDA:685,116,1,0
BRDA:686,117,0,0
BRDA:686,117,1,0
BRDA:697,118,0,0
BRDA:697,118,1,0
BRDA:703,119,0,0
BRDA:703,119,1,0
BRDA:703,120,0,0
BRDA:703,120,1,0
BRDA:703,120,2,0
BRDA:730,121,0,0
BRDA:730,121,1,0
BRDA:736,122,0,0
BRDA:736,122,1,0
BRDA:736,123,0,0
BRDA:736,123,1,0
BRDA:736,123,2,0
BRDA:736,124,0,0
BRDA:736,124,1,0
BRDA:738,125,0,0
BRDA:738,125,1,0
BRDA:745,126,0,0
BRDA:745,126,1,0
BRDA:745,127,0,0
BRDA:745,127,1,0
BRDA:754,128,0,0
BRDA:754,128,1,0
BRDA:757,129,0,0
BRDA:757,129,1,0
BRDA:757,130,0,0
BRDA:757,130,1,0
BRDA:760,131,0,0
BRDA:760,131,1,0
BRDA:760,132,0,0
BRDA:760,132,1,0
BRDA:774,133,0,0
BRDA:774,133,1,0
BRDA:776,134,0,0
BRDA:776,134,1,0
BRDA:786,135,0,0
BRDA:786,135,1,0
BRDA:787,136,0,0
BRDA:787,136,1,0
BRDA:789,137,0,0
BRDA:789,137,1,0
BRDA:800,138,0,0
BRDA:800,138,1,0
BRDA:802,139,0,0
BRDA:802,139,1,0
BRDA:820,140,0,0
BRDA:820,140,1,0
BRDA:820,141,0,0
BRDA:820,141,1,0
BRDA:826,142,0,0
BRDA:826,142,1,0
BRDA:835,143,0,0
BRDA:835,143,1,0
BRDA:836,144,0,0
BRDA:836,144,1,0
BRDA:837,145,0,0
BRDA:837,145,1,0
BRDA:846,146,0,0
BRDA:846,146,1,0
BRDA:848,147,0,0
BRDA:848,147,1,0
BRDA:849,148,0,0
BRDA:849,148,1,0
BRDA:860,149,0,0
BRDA:860,149,1,0
BRDA:865,150,0,0
BRDA:865,150,1,0
BRDA:869,151,0,0
BRDA:869,151,1,0
BRDA:900,152,0,0
BRDA:900,152,1,0
BRDA:906,153,0,0
BRDA:906,153,1,0
BRDA:906,154,0,0
BRDA:906,154,1,0
BRDA:942,155,0,0
BRDA:942,155,1,0
BRDA:942,156,0,0
BRDA:942,156,1,0
BRDA:945,157,0,0
BRDA:945,157,1,0
BRDA:945,158,0,0
BRDA:945,158,1,0
BRDA:951,159,0,0
BRDA:951,159,1,0
BRDA:951,160,0,0
BRDA:951,160,1,0
BRDA:956,161,0,0
BRDA:956,161,1,0
BRDA:956,162,0,0
BRDA:956,162,1,0
BRDA:962,163,0,0
BRDA:962,163,1,0
BRDA:962,164,0,0
BRDA:962,164,1,0
BRDA:965,165,0,0
BRDA:965,165,1,0
BRDA:965,166,0,0
BRDA:965,166,1,0
BRDA:971,167,0,0
BRDA:971,167,1,0
BRDA:971,168,0,0
BRDA:971,168,1,0
BRDA:1020,169,0,0
BRDA:1020,169,1,0
BRDA:1020,170,0,0
BRDA:1020,170,1,0
BRDA:1046,171,0,0
BRDA:1046,171,1,0
BRDA:1046,172,0,0
BRDA:1046,172,1,0
BRDA:1054,173,0,0
BRDA:1054,173,1,0
BRDA:1054,174,0,0
BRDA:1054,174,1,0
BRDA:1067,175,0,0
BRDA:1067,175,1,0
BRDA:1071,176,0,0
BRDA:1071,176,1,0
BRDA:1075,177,0,0
BRDA:1075,177,1,0
BRDA:1080,178,0,0
BRDA:1080,178,1,0
BRDA:1080,179,0,0
BRDA:1080,179,1,0
BRDA:1080,179,2,0
BRDA:1104,180,0,0
BRDA:1104,180,1,0
BRDA:1104,181,0,0
BRDA:1104,181,1,0
BRDA:1104,181,2,0
BRDA:1110,182,0,0
BRDA:1110,182,1,0
BRDA:1112,183,0,0
BRDA:1112,183,1,0
BRDA:1113,184,0,0
BRDA:1113,184,1,0
BRDA:1114,185,0,0
BRDA:1114,185,1,0
BRDA:1115,186,0,0
BRDA:1115,186,1,0
BRDA:1116,187,0,0
BRDA:1116,187,1,0
BRDA:1117,188,0,0
BRDA:1117,188,1,0
BRDA:1121,189,0,0
BRDA:1121,189,1,0
BRDA:1145,190,0,0
BRDA:1145,190,1,0
BRDA:1146,191,0,0
BRDA:1146,191,1,0
BRDA:1147,192,0,0
BRDA:1147,192,1,0
BRF:394
BRH:0
end_of_record
TN:
SF:src/permissions.ts
FN:23,loadPermissionsConfig
FN:32,parseMCPMessage
FN:34,(anonymous_3)
FN:51,isMethodAllowed
FN:72,createErrorResponse
FN:84,createMessageFilter
FN:85,(anonymous_7)
FNF:7
FNH:7
FNDA:3,loadPermissionsConfig
FNDA:9,parseMCPMessage
FNDA:11,(anonymous_3)
FNDA:16,isMethodAllowed
FNDA:4,createErrorResponse
FNDA:5,createMessageFilter
FNDA:5,(anonymous_7)
DA:1,1
DA:23,1
DA:24,3
DA:25,3
DA:26,2
DA:28,2
DA:32,1
DA:33,9
DA:34,11
DA:35,9
DA:36,9
DA:37,9
DA:38,7
DA:39,6
DA:42,2
DA:45,3
DA:47,0
DA:51,1
DA:52,16
DA:54,15
DA:55,15
DA:56,15
DA:59,14
DA:60,6
DA:64,8
DA:65,7
DA:69,2
DA:72,1
DA:73,4
DA:81,4
DA:84,1
DA:85,5
DA:86,5
DA:87,1
DA:90,4
DA:91,4
DA:92,2
DA:95,2
DA:96,1
DA:97,1
DA:100,1
LF:41
LH:40
BRDA:38,0,0,6
BRDA:38,0,1,1
BRDA:52,1,0,1
BRDA:52,1,1,15
BRDA:52,2,0,16
BRDA:52,2,1,16
BRDA:56,3,0,1
BRDA:56,3,1,14
BRDA:59,4,0,6
BRDA:59,4,1,8
BRDA:59,5,0,14
BRDA:59,5,1,8
BRDA:64,6,0,7
BRDA:64,6,1,1
BRDA:64,7,0,8
BRDA:64,7,1,4
BRDA:75,8,0,4
BRDA:75,8,1,1
BRDA:86,9,0,1
BRDA:86,9,1,4
BRDA:91,10,0,2
BRDA:91,10,1,2
BRDA:91,11,0,4
BRDA:91,11,1,3
BRDA:95,12,0,1
BRDA:95,12,1,1
BRF:26
BRH:26
end_of_record
TN:
SF:src/utils.ts
FN:1,log
FN:5,calculateBackoffDelay
FN:9,extractPortFromArgs
FN:17,extractHostFromArgs
FN:22,extractBooleanFlag
FN:26,extractCommaSeparatedRoles
FN:32,extractCommandAndArgs
FN:42,validateProtocol
FN:46,validateMode
FN:50,validatePort
FNF:10
FNH:10
FNDA:3,log
FNDA:8,calculateBackoffDelay
FNDA:4,extractPortFromArgs
FNDA:2,extractHostFromArgs
FNDA:2,extractBooleanFlag
FNDA:3,extractCommaSeparatedRoles
FNDA:4,extractCommandAndArgs
FNDA:4,validateProtocol
FNDA:4,validateMode
FNDA:7,validatePort
DA:1,1
DA:2,3
DA:5,1
DA:6,8
DA:9,1
DA:10,4
DA:11,4
DA:13,2
DA:14,2
DA:17,1
DA:18,2
DA:19,2
DA:22,1
DA:23,2
DA:26,1
DA:27,3
DA:28,3
DA:29,2
DA:32,1
DA:33,4
DA:34,4
DA:36,2
DA:42,1
DA:43,4
DA:46,1
DA:47,4
DA:50,1
DA:51,7
LF:28
LH:28
BRDA:2,0,0,1
BRDA:2,0,1,2
BRDA:5,1,0,0
BRDA:11,2,0,2
BRDA:11,2,1,2
BRDA:11,3,0,4
BRDA:11,3,1,3
BRDA:14,4,0,1
BRDA:14,4,1,1
BRDA:19,5,0,1
BRDA:19,5,1,1
BRDA:19,6,0,2
BRDA:19,6,1,1
BRDA:28,7,0,1
BRDA:28,7,1,2
BRDA:28,8,0,3
BRDA:28,8,1,2
BRDA:34,9,0,2
BRDA:34,9,1,2
BRDA:34,10,0,4
BRDA:34,10,1,3
BRDA:43,11,0,4
BRDA:43,11,1,3
BRDA:47,12,0,4
BRDA:47,12,1,3
BRDA:51,13,0,7
BRDA:51,13,1,6
BRDA:51,13,2,4
BRF:28
BRH:27
end_of_record
