TN:
SF:src/auth.ts
FN:20,generateJWTSecret
FN:25,generateJWT
FN:29,generateJWTWithConfig
FN:43,verifyJWT
FN:52,verifyJWTWithPayload
FN:61,hasRequiredRoles
FN:65,(anonymous_7)
FNF:7
FNH:7
FNDA:4,generateJWTSecret
FNDA:3,generateJWT
FNDA:3,generateJWTWithConfig
FNDA:3,verifyJWT
FNDA:2,verifyJWTWithPayload
FNDA:5,hasRequiredRoles
FNDA:2,(anonymous_7)
DA:1,1
DA:2,1
DA:20,1
DA:21,4
DA:22,4
DA:25,1
DA:26,3
DA:29,1
DA:30,3
DA:36,3
DA:40,3
DA:43,1
DA:44,3
DA:45,3
DA:46,1
DA:48,2
DA:52,1
DA:53,2
DA:54,2
DA:55,1
DA:57,1
DA:61,1
DA:62,5
DA:63,4
DA:65,2
LF:25
LH:25
BRDA:20,0,0,1
BRDA:31,1,0,3
BRDA:31,1,1,2
BRDA:32,2,0,3
BRDA:32,2,1,2
BRDA:37,3,0,3
BRDA:37,3,1,2
BRDA:62,4,0,1
BRDA:62,4,1,4
BRDA:63,5,0,2
BRDA:63,5,1,2
BRDA:63,6,0,4
BRDA:63,6,1,3
BRF:13
BRH:13
end_of_record
TN:
SF:src/mcp-remote.ts
FN:18,startServer
FN:33,(anonymous_11)
FN:38,(anonymous_12)
FN:43,(anonymous_13)
FN:44,(anonymous_14)
FN:67,(anonymous_15)
FN:73,(anonymous_16)
FN:80,(anonymous_17)
FN:89,(anonymous_18)
FN:96,(anonymous_19)
FN:126,(anonymous_20)
FN:136,(anonymous_21)
FN:170,(anonymous_22)
FN:179,(anonymous_23)
FN:190,(anonymous_24)
FN:195,(anonymous_25)
FN:201,(anonymous_26)
FN:208,(anonymous_27)
FN:218,(anonymous_28)
FN:219,(anonymous_29)
FN:230,(anonymous_30)
FN:244,(anonymous_31)
FN:279,(anonymous_32)
FN:319,(anonymous_33)
FN:329,(anonymous_34)
FN:339,(anonymous_35)
FN:343,(anonymous_36)
FN:348,(anonymous_37)
FN:363,(anonymous_38)
FN:371,(anonymous_39)
FN:379,(anonymous_40)
FN:385,(anonymous_41)
FN:393,startClient
FN:412,calculateCurrentBackoffDelay
FN:417,(anonymous_44)
FN:418,(anonymous_45)
FN:445,(anonymous_46)
FN:452,(anonymous_47)
FN:454,(anonymous_48)
FN:473,(anonymous_49)
FN:479,connectTcp
FN:486,(anonymous_51)
FN:492,(anonymous_52)
FN:549,(anonymous_53)
FN:584,(anonymous_54)
FN:590,(anonymous_55)
FN:599,(anonymous_56)
FN:611,(anonymous_57)
FN:630,connectWs
FN:641,(anonymous_59)
FN:648,(anonymous_60)
FN:655,(anonymous_61)
FN:669,(anonymous_62)
FN:709,(anonymous_63)
FN:732,(anonymous_64)
FN:755,(anonymous_65)
FN:759,(anonymous_66)
FN:767,(anonymous_67)
FN:778,(anonymous_68)
FN:790,(anonymous_69)
FN:820,(anonymous_70)
FN:836,handleGenerateSecret
FN:851,handleGenerateToken
FN:894,handleGeneratePermissions
FN:918,(anonymous_74)
FN:922,(anonymous_75)
FN:927,(anonymous_76)
FN:931,(anonymous_77)
FN:936,(anonymous_78)
FN:1038,(anonymous_79)
FN:1083,(anonymous_80)
FN:1091,(anonymous_81)
FN:1101,parseArgs
FN:1186,(anonymous_83)
FN:1188,(anonymous_84)
FNF:75
FNH:0
FNDA:0,startServer
FNDA:0,(anonymous_11)
FNDA:0,(anonymous_12)
FNDA:0,(anonymous_13)
FNDA:0,(anonymous_14)
FNDA:0,(anonymous_15)
FNDA:0,(anonymous_16)
FNDA:0,(anonymous_17)
FNDA:0,(anonymous_18)
FNDA:0,(anonymous_19)
FNDA:0,(anonymous_20)
FNDA:0,(anonymous_21)
FNDA:0,(anonymous_22)
FNDA:0,(anonymous_23)
FNDA:0,(anonymous_24)
FNDA:0,(anonymous_25)
FNDA:0,(anonymous_26)
FNDA:0,(anonymous_27)
FNDA:0,(anonymous_28)
FNDA:0,(anonymous_29)
FNDA:0,(anonymous_30)
FNDA:0,(anonymous_31)
FNDA:0,(anonymous_32)
FNDA:0,(anonymous_33)
FNDA:0,(anonymous_34)
FNDA:0,(anonymous_35)
FNDA:0,(anonymous_36)
FNDA:0,(anonymous_37)
FNDA:0,(anonymous_38)
FNDA:0,(anonymous_39)
FNDA:0,(anonymous_40)
FNDA:0,(anonymous_41)
FNDA:0,startClient
FNDA:0,calculateCurrentBackoffDelay
FNDA:0,(anonymous_44)
FNDA:0,(anonymous_45)
FNDA:0,(anonymous_46)
FNDA:0,(anonymous_47)
FNDA:0,(anonymous_48)
FNDA:0,(anonymous_49)
FNDA:0,connectTcp
FNDA:0,(anonymous_51)
FNDA:0,(anonymous_52)
FNDA:0,(anonymous_53)
FNDA:0,(anonymous_54)
FNDA:0,(anonymous_55)
FNDA:0,(anonymous_56)
FNDA:0,(anonymous_57)
FNDA:0,connectWs
FNDA:0,(anonymous_59)
FNDA:0,(anonymous_60)
FNDA:0,(anonymous_61)
FNDA:0,(anonymous_62)
FNDA:0,(anonymous_63)
FNDA:0,(anonymous_64)
FNDA:0,(anonymous_65)
FNDA:0,(anonymous_66)
FNDA:0,(anonymous_67)
FNDA:0,(anonymous_68)
FNDA:0,(anonymous_69)
FNDA:0,(anonymous_70)
FNDA:0,handleGenerateSecret
FNDA:0,handleGenerateToken
FNDA:0,handleGeneratePermissions
FNDA:0,(anonymous_74)
FNDA:0,(anonymous_75)
FNDA:0,(anonymous_76)
FNDA:0,(anonymous_77)
FNDA:0,(anonymous_78)
FNDA:0,(anonymous_79)
FNDA:0,(anonymous_80)
FNDA:0,(anonymous_81)
FNDA:0,parseArgs
FNDA:0,(anonymous_83)
FNDA:0,(anonymous_84)
DA:3,0
DA:4,0
DA:5,0
DA:6,0
DA:7,0
DA:8,0
DA:9,0
DA:10,0
DA:11,0
DA:19,0
DA:20,0
DA:21,0
DA:24,0
DA:25,0
DA:26,0
DA:27,0
DA:28,0
DA:30,0
DA:33,0
DA:34,0
DA:35,0
DA:38,0
DA:39,0
DA:43,0
DA:44,0
DA:45,0
DA:46,0
DA:47,0
DA:48,0
DA:50,0
DA:51,0
DA:52,0
DA:53,0
DA:58,0
DA:59,0
DA:64,0
DA:67,0
DA:68,0
DA:69,0
DA:70,0
DA:73,0
DA:74,0
DA:75,0
DA:76,0
DA:79,0
DA:80,0
DA:81,0
DA:82,0
DA:85,0
DA:86,0
DA:87,0
DA:89,0
DA:90,0
DA:91,0
DA:94,0
DA:96,0
DA:97,0
DA:98,0
DA:99,0
DA:100,0
DA:101,0
DA:102,0
DA:110,0
DA:111,0
DA:113,0
DA:114,0
DA:123,0
DA:126,0
DA:127,0
DA:128,0
DA:130,0
DA:131,0
DA:136,0
DA:137,0
DA:138,0
DA:139,0
DA:140,0
DA:141,0
DA:143,0
DA:146,0
DA:147,0
DA:148,0
DA:150,0
DA:151,0
DA:156,0
DA:157,0
DA:165,0
DA:170,0
DA:171,0
DA:172,0
DA:174,0
DA:175,0
DA:179,0
DA:180,0
DA:181,0
DA:182,0
DA:184,0
DA:190,0
DA:191,0
DA:192,0
DA:195,0
DA:196,0
DA:197,0
DA:201,0
DA:202,0
DA:204,0
DA:205,0
DA:206,0
DA:208,0
DA:209,0
DA:210,0
DA:212,0
DA:218,0
DA:219,0
DA:220,0
DA:221,0
DA:223,0
DA:228,0
DA:230,0
DA:231,0
DA:232,0
DA:240,0
DA:244,0
DA:245,0
DA:247,0
DA:248,0
DA:249,0
DA:250,0
DA:251,0
DA:252,0
DA:253,0
DA:261,0
DA:262,0
DA:264,0
DA:265,0
DA:268,0
DA:278,0
DA:279,0
DA:280,0
DA:281,0
DA:285,0
DA:286,0
DA:288,0
DA:289,0
DA:297,0
DA:301,0
DA:302,0
DA:303,0
DA:304,0
DA:305,0
DA:306,0
DA:308,0
DA:309,0
DA:310,0
DA:314,0
DA:319,0
DA:320,0
DA:321,0
DA:322,0
DA:323,0
DA:324,0
DA:325,0
DA:329,0
DA:330,0
DA:331,0
DA:332,0
DA:333,0
DA:334,0
DA:335,0
DA:339,0
DA:340,0
DA:343,0
DA:344,0
DA:345,0
DA:348,0
DA:349,0
DA:350,0
DA:351,0
DA:352,0
DA:355,0
DA:359,0
DA:360,0
DA:361,0
DA:363,0
DA:364,0
DA:365,0
DA:366,0
DA:367,0
DA:368,0
DA:371,0
DA:372,0
DA:373,0
DA:374,0
DA:375,0
DA:376,0
DA:379,0
DA:380,0
DA:385,0
DA:386,0
DA:389,0
DA:394,0
DA:395,0
DA:396,0
DA:397,0
DA:399,0
DA:403,0
DA:404,0
DA:408,0
DA:409,0
DA:413,0
DA:417,0
DA:418,0
DA:419,0
DA:420,0
DA:421,0
DA:422,0
DA:423,0
DA:424,0
DA:426,0
DA:427,0
DA:428,0
DA:429,0
DA:430,0
DA:431,0
DA:433,0
DA:434,0
DA:436,0
DA:437,0
DA:445,0
DA:446,0
DA:447,0
DA:452,0
DA:453,0
DA:454,0
DA:455,0
DA:456,0
DA:457,0
DA:458,0
DA:460,0
DA:461,0
DA:462,0
DA:463,0
DA:465,0
DA:467,0
DA:468,0
DA:473,0
DA:474,0
DA:475,0
DA:480,0
DA:481,0
DA:482,0
DA:484,0
DA:486,0
DA:487,0
DA:489,0
DA:490,0
DA:491,0
DA:492,0
DA:493,0
DA:494,0
DA:495,0
DA:496,0
DA:497,0
DA:498,0
DA:499,0
DA:500,0
DA:501,0
DA:502,0
DA:503,0
DA:506,0
DA:507,0
DA:508,0
DA:509,0
DA:510,0
DA:511,0
DA:512,0
DA:517,0
DA:518,0
DA:519,0
DA:522,0
DA:523,0
DA:524,0
DA:528,0
DA:529,0
DA:530,0
DA:531,0
DA:532,0
DA:533,0
DA:536,0
DA:537,0
DA:538,0
DA:539,0
DA:540,0
DA:541,0
DA:542,0
DA:549,0
DA:550,0
DA:551,0
DA:554,0
DA:555,0
DA:556,0
DA:558,0
DA:559,0
DA:561,0
DA:562,0
DA:564,0
DA:565,0
DA:566,0
DA:572,0
DA:575,0
DA:576,0
DA:580,0
DA:584,0
DA:585,0
DA:586,0
DA:587,0
DA:590,0
DA:591,0
DA:592,0
DA:593,0
DA:595,0
DA:596,0
DA:597,0
DA:599,0
DA:600,0
DA:601,0
DA:602,0
DA:604,0
DA:605,0
DA:606,0
DA:611,0
DA:612,0
DA:613,0
DA:614,0
DA:616,0
DA:617,0
DA:618,0
DA:620,0
DA:621,0
DA:622,0
DA:627,0
DA:631,0
DA:634,0
DA:636,0
DA:638,0
DA:641,0
DA:642,0
DA:643,0
DA:644,0
DA:648,0
DA:649,0
DA:650,0
DA:652,0
DA:653,0
DA:654,0
DA:655,0
DA:656,0
DA:657,0
DA:658,0
DA:659,0
DA:660,0
DA:661,0
DA:662,0
DA:663,0
DA:664,0
DA:665,0
DA:666,0
DA:669,0
DA:670,0
DA:671,0
DA:672,0
DA:674,0
DA:679,0
DA:680,0
DA:681,0
DA:682,0
DA:683,0
DA:684,0
DA:685,0
DA:690,0
DA:691,0
DA:692,0
DA:695,0
DA:696,0
DA:697,0
DA:701,0
DA:702,0
DA:703,0
DA:704,0
DA:705,0
DA:706,0
DA:709,0
DA:710,0
DA:711,0
DA:712,0
DA:714,0
DA:719,0
DA:720,0
DA:721,0
DA:722,0
DA:723,0
DA:724,0
DA:725,0
DA:732,0
DA:733,0
DA:734,0
DA:735,0
DA:738,0
DA:739,0
DA:741,0
DA:742,0
DA:743,0
DA:749,0
DA:751,0
DA:755,0
DA:756,0
DA:759,0
DA:760,0
DA:761,0
DA:762,0
DA:763,0
DA:764,0
DA:767,0
DA:768,0
DA:769,0
DA:770,0
DA:771,0
DA:772,0
DA:774,0
DA:775,0
DA:776,0
DA:778,0
DA:779,0
DA:780,0
DA:781,0
DA:783,0
DA:784,0
DA:785,0
DA:790,0
DA:791,0
DA:792,0
DA:793,0
DA:795,0
DA:796,0
DA:797,0
DA:798,0
DA:800,0
DA:801,0
DA:804,0
DA:805,0
DA:806,0
DA:812,0
DA:813,0
DA:814,0
DA:815,0
DA:817,0
DA:820,0
DA:821,0
DA:822,0
DA:823,0
DA:824,0
DA:825,0
DA:826,0
DA:827,0
DA:828,0
DA:831,0
DA:832,0
DA:837,0
DA:838,0
DA:840,0
DA:841,0
DA:842,0
DA:845,0
DA:846,0
DA:847,0
DA:848,0
DA:852,0
DA:853,0
DA:854,0
DA:855,0
DA:856,0
DA:858,0
DA:859,0
DA:860,0
DA:864,0
DA:865,0
DA:866,0
DA:868,0
DA:871,0
DA:878,0
DA:879,0
DA:880,0
DA:883,0
DA:884,0
DA:885,0
DA:886,0
DA:887,0
DA:888,0
DA:891,0
DA:895,0
DA:896,0
DA:898,0
DA:899,0
DA:900,0
DA:903,0
DA:904,0
DA:905,0
DA:907,0
DA:908,0
DA:909,0
DA:912,0
DA:913,0
DA:915,0
DA:916,0
DA:918,0
DA:919,0
DA:920,0
DA:922,0
DA:923,0
DA:924,0
DA:927,0
DA:928,0
DA:931,0
DA:932,0
DA:933,0
DA:935,0
DA:936,0
DA:937,0
DA:938,0
DA:940,0
DA:941,0
DA:944,0
DA:945,0
DA:946,0
DA:949,0
DA:955,0
DA:956,0
DA:959,0
DA:965,0
DA:966,0
DA:969,0
DA:975,0
DA:976,0
DA:980,0
DA:981,0
DA:982,0
DA:983,0
DA:984,0
DA:989,0
DA:990,0
DA:991,0
DA:992,0
DA:993,0
DA:994,0
DA:995,0
DA:1000,0
DA:1001,0
DA:1002,0
DA:1003,0
DA:1004,0
DA:1009,0
DA:1011,0
DA:1012,0
DA:1013,0
DA:1014,0
DA:1015,0
DA:1016,0
DA:1017,0
DA:1018,0
DA:1019,0
DA:1020,0
DA:1023,0
DA:1033,0
DA:1034,0
DA:1035,0
DA:1036,0
DA:1037,0
DA:1038,0
DA:1039,0
DA:1041,0
DA:1042,0
DA:1044,0
DA:1045,0
DA:1046,0
DA:1050,0
DA:1054,0
DA:1058,0
DA:1059,0
DA:1077,0
DA:1078,0
DA:1079,0
DA:1083,0
DA:1084,0
DA:1085,0
DA:1086,0
DA:1091,0
DA:1092,0
DA:1093,0
DA:1094,0
DA:1095,0
DA:1102,0
DA:1105,0
DA:1106,0
DA:1109,0
DA:1110,0
DA:1113,0
DA:1115,0
DA:1118,0
DA:1119,0
DA:1120,0
DA:1121,0
DA:1122,0
DA:1123,0
DA:1124,0
DA:1125,0
DA:1128,0
DA:1129,0
DA:1131,0
DA:1132,0
DA:1133,0
DA:1134,0
DA:1135,0
DA:1136,0
DA:1137,0
DA:1138,0
DA:1139,0
DA:1140,0
DA:1142,0
DA:1143,0
DA:1144,0
DA:1147,0
DA:1148,0
DA:1149,0
DA:1150,0
DA:1151,0
DA:1152,0
DA:1153,0
DA:1154,0
DA:1155,0
DA:1157,0
DA:1158,0
DA:1159,0
DA:1160,0
DA:1161,0
DA:1164,0
DA:1182,0
DA:1183,0
DA:1184,0
DA:1185,0
DA:1186,0
DA:1187,0
DA:1189,0
DA:1190,0
LF:653
LH:0
BRDA:24,0,0,0
BRDA:24,0,1,0
BRDA:26,1,0,0
BRDA:26,1,1,0
BRDA:45,2,0,0
BRDA:45,2,1,0
BRDA:46,3,0,0
BRDA:46,3,1,0
BRDA:46,4,0,0
BRDA:46,4,1,0
BRDA:46,4,2,0
BRDA:50,5,0,0
BRDA:50,5,1,0
BRDA:51,6,0,0
BRDA:51,6,1,0
BRDA:51,7,0,0
BRDA:51,7,1,0
BRDA:58,8,0,0
BRDA:58,8,1,0
BRDA:79,9,0,0
BRDA:79,9,1,0
BRDA:94,10,0,0
BRDA:94,10,1,0
BRDA:99,11,0,0
BRDA:99,11,1,0
BRDA:99,12,0,0
BRDA:99,12,1,0
BRDA:100,13,0,0
BRDA:100,13,1,0
BRDA:100,14,0,0
BRDA:100,14,1,0
BRDA:101,15,0,0
BRDA:101,15,1,0
BRDA:107,16,0,0
BRDA:107,16,1,0
BRDA:113,17,0,0
BRDA:113,17,1,0
BRDA:113,18,0,0
BRDA:113,18,1,0
BRDA:119,19,0,0
BRDA:119,19,1,0
BRDA:123,20,0,0
BRDA:123,20,1,0
BRDA:138,21,0,0
BRDA:138,21,1,0
BRDA:138,22,0,0
BRDA:138,22,1,0
BRDA:139,23,0,0
BRDA:139,23,1,0
BRDA:139,24,0,0
BRDA:139,24,1,0
BRDA:146,25,0,0
BRDA:146,25,1,0
BRDA:180,26,0,0
BRDA:180,26,1,0
BRDA:180,27,0,0
BRDA:180,27,1,0
BRDA:204,28,0,0
BRDA:204,28,1,0
BRDA:220,29,0,0
BRDA:220,29,1,0
BRDA:228,30,0,0
BRDA:228,30,1,0
BRDA:245,31,0,0
BRDA:245,31,1,0
BRDA:250,32,0,0
BRDA:250,32,1,0
BRDA:250,33,0,0
BRDA:250,33,1,0
BRDA:251,34,0,0
BRDA:251,34,1,0
BRDA:251,35,0,0
BRDA:251,35,1,0
BRDA:252,36,0,0
BRDA:252,36,1,0
BRDA:258,37,0,0
BRDA:258,37,1,0
BRDA:264,38,0,0
BRDA:264,38,1,0
BRDA:264,39,0,0
BRDA:264,39,1,0
BRDA:273,40,0,0
BRDA:273,40,1,0
BRDA:278,41,0,0
BRDA:278,41,1,0
BRDA:280,42,0,0
BRDA:280,42,1,0
BRDA:304,43,0,0
BRDA:304,43,1,0
BRDA:304,44,0,0
BRDA:304,44,1,0
BRDA:305,45,0,0
BRDA:305,45,1,0
BRDA:305,46,0,0
BRDA:305,46,1,0
BRDA:308,47,0,0
BRDA:308,47,1,0
BRDA:309,48,0,0
BRDA:309,48,1,0
BRDA:324,49,0,0
BRDA:324,49,1,0
BRDA:334,50,0,0
BRDA:334,50,1,0
BRDA:344,51,0,0
BRDA:344,51,1,0
BRDA:350,52,0,0
BRDA:350,52,1,0
BRDA:351,53,0,0
BRDA:351,53,1,0
BRDA:351,54,0,0
BRDA:351,54,1,0
BRDA:395,55,0,0
BRDA:395,55,1,0
BRDA:403,56,0,0
BRDA:403,56,1,0
BRDA:408,57,0,0
BRDA:408,57,1,0
BRDA:419,58,0,0
BRDA:419,58,1,0
BRDA:420,59,0,0
BRDA:420,59,1,0
BRDA:421,60,0,0
BRDA:421,60,1,0
BRDA:421,61,0,0
BRDA:421,61,1,0
BRDA:421,61,2,0
BRDA:426,62,0,0
BRDA:426,62,1,0
BRDA:427,63,0,0
BRDA:427,63,1,0
BRDA:427,64,0,0
BRDA:427,64,1,0
BRDA:431,65,0,0
BRDA:431,65,1,0
BRDA:446,66,0,0
BRDA:446,66,1,0
BRDA:455,67,0,0
BRDA:455,67,1,0
BRDA:455,68,0,0
BRDA:455,68,1,0
BRDA:458,69,0,0
BRDA:458,69,1,0
BRDA:460,70,0,0
BRDA:460,70,1,0
BRDA:462,71,0,0
BRDA:462,71,1,0
BRDA:465,72,0,0
BRDA:465,72,1,0
BRDA:474,73,0,0
BRDA:474,73,1,0
BRDA:480,74,0,0
BRDA:480,74,1,0
BRDA:484,75,0,0
BRDA:484,75,1,0
BRDA:487,76,0,0
BRDA:487,76,1,0
BRDA:489,77,0,0
BRDA:489,77,1,0
BRDA:497,78,0,0
BRDA:497,78,1,0
BRDA:497,79,0,0
BRDA:497,79,1,0
BRDA:501,80,0,0
BRDA:501,80,1,0
BRDA:506,81,0,0
BRDA:506,81,1,0
BRDA:510,82,0,0
BRDA:510,82,1,0
BRDA:511,83,0,0
BRDA:511,83,1,0
BRDA:517,84,0,0
BRDA:517,84,1,0
BRDA:531,85,0,0
BRDA:531,85,1,0
BRDA:536,86,0,0
BRDA:536,86,1,0
BRDA:540,87,0,0
BRDA:540,87,1,0
BRDA:541,88,0,0
BRDA:541,88,1,0
BRDA:551,89,0,0
BRDA:551,89,1,0
BRDA:559,90,0,0
BRDA:559,90,1,0
BRDA:564,91,0,0
BRDA:564,91,1,0
BRDA:564,92,0,0
BRDA:564,92,1,0
BRDA:564,92,2,0
BRDA:575,93,0,0
BRDA:575,93,1,0
BRDA:595,94,0,0
BRDA:595,94,1,0
BRDA:595,95,0,0
BRDA:595,95,1,0
BRDA:595,95,2,0
BRDA:595,96,0,0
BRDA:595,96,1,0
BRDA:597,97,0,0
BRDA:597,97,1,0
BRDA:604,98,0,0
BRDA:604,98,1,0
BRDA:604,99,0,0
BRDA:604,99,1,0
BRDA:613,100,0,0
BRDA:613,100,1,0
BRDA:616,101,0,0
BRDA:616,101,1,0
BRDA:631,102,0,0
BRDA:631,102,1,0
BRDA:638,103,0,0
BRDA:638,103,1,0
BRDA:643,104,0,0
BRDA:643,104,1,0
BRDA:649,105,0,0
BRDA:649,105,1,0
BRDA:652,106,0,0
BRDA:652,106,1,0
BRDA:660,107,0,0
BRDA:660,107,1,0
BRDA:660,108,0,0
BRDA:660,108,1,0
BRDA:664,109,0,0
BRDA:664,109,1,0
BRDA:670,110,0,0
BRDA:670,110,1,0
BRDA:679,111,0,0
BRDA:679,111,1,0
BRDA:683,112,0,0
BRDA:683,112,1,0
BRDA:683,113,0,0
BRDA:683,113,1,0
BRDA:684,114,0,0
BRDA:684,114,1,0
BRDA:690,115,0,0
BRDA:690,115,1,0
BRDA:704,116,0,0
BRDA:704,116,1,0
BRDA:710,117,0,0
BRDA:710,117,1,0
BRDA:719,118,0,0
BRDA:719,118,1,0
BRDA:723,119,0,0
BRDA:723,119,1,0
BRDA:723,120,0,0
BRDA:723,120,1,0
BRDA:724,121,0,0
BRDA:724,121,1,0
BRDA:735,122,0,0
BRDA:735,122,1,0
BRDA:741,123,0,0
BRDA:741,123,1,0
BRDA:741,124,0,0
BRDA:741,124,1,0
BRDA:741,124,2,0
BRDA:768,125,0,0
BRDA:768,125,1,0
BRDA:774,126,0,0
BRDA:774,126,1,0
BRDA:774,127,0,0
BRDA:774,127,1,0
BRDA:774,127,2,0
BRDA:774,128,0,0
BRDA:774,128,1,0
BRDA:776,129,0,0
BRDA:776,129,1,0
BRDA:783,130,0,0
BRDA:783,130,1,0
BRDA:783,131,0,0
BRDA:783,131,1,0
BRDA:792,132,0,0
BRDA:792,132,1,0
BRDA:795,133,0,0
BRDA:795,133,1,0
BRDA:795,134,0,0
BRDA:795,134,1,0
BRDA:798,135,0,0
BRDA:798,135,1,0
BRDA:798,136,0,0
BRDA:798,136,1,0
BRDA:812,137,0,0
BRDA:812,137,1,0
BRDA:814,138,0,0
BRDA:814,138,1,0
BRDA:824,139,0,0
BRDA:824,139,1,0
BRDA:825,140,0,0
BRDA:825,140,1,0
BRDA:827,141,0,0
BRDA:827,141,1,0
BRDA:838,142,0,0
BRDA:838,142,1,0
BRDA:840,143,0,0
BRDA:840,143,1,0
BRDA:858,144,0,0
BRDA:858,144,1,0
BRDA:858,145,0,0
BRDA:858,145,1,0
BRDA:864,146,0,0
BRDA:864,146,1,0
BRDA:873,147,0,0
BRDA:873,147,1,0
BRDA:874,148,0,0
BRDA:874,148,1,0
BRDA:875,149,0,0
BRDA:875,149,1,0
BRDA:884,150,0,0
BRDA:884,150,1,0
BRDA:886,151,0,0
BRDA:886,151,1,0
BRDA:887,152,0,0
BRDA:887,152,1,0
BRDA:898,153,0,0
BRDA:898,153,1,0
BRDA:903,154,0,0
BRDA:903,154,1,0
BRDA:907,155,0,0
BRDA:907,155,1,0
BRDA:938,156,0,0
BRDA:938,156,1,0
BRDA:944,157,0,0
BRDA:944,157,1,0
BRDA:944,158,0,0
BRDA:944,158,1,0
BRDA:980,159,0,0
BRDA:980,159,1,0
BRDA:980,160,0,0
BRDA:980,160,1,0
BRDA:983,161,0,0
BRDA:983,161,1,0
BRDA:983,162,0,0
BRDA:983,162,1,0
BRDA:989,163,0,0
BRDA:989,163,1,0
BRDA:989,164,0,0
BRDA:989,164,1,0
BRDA:994,165,0,0
BRDA:994,165,1,0
BRDA:994,166,0,0
BRDA:994,166,1,0
BRDA:1000,167,0,0
BRDA:1000,167,1,0
BRDA:1000,168,0,0
BRDA:1000,168,1,0
BRDA:1003,169,0,0
BRDA:1003,169,1,0
BRDA:1003,170,0,0
BRDA:1003,170,1,0
BRDA:1009,171,0,0
BRDA:1009,171,1,0
BRDA:1009,172,0,0
BRDA:1009,172,1,0
BRDA:1058,173,0,0
BRDA:1058,173,1,0
BRDA:1058,174,0,0
BRDA:1058,174,1,0
BRDA:1084,175,0,0
BRDA:1084,175,1,0
BRDA:1084,176,0,0
BRDA:1084,176,1,0
BRDA:1092,177,0,0
BRDA:1092,177,1,0
BRDA:1092,178,0,0
BRDA:1092,178,1,0
BRDA:1105,179,0,0
BRDA:1105,179,1,0
BRDA:1109,180,0,0
BRDA:1109,180,1,0
BRDA:1113,181,0,0
BRDA:1113,181,1,0
BRDA:1118,182,0,0
BRDA:1118,182,1,0
BRDA:1118,183,0,0
BRDA:1118,183,1,0
BRDA:1118,183,2,0
BRDA:1142,184,0,0
BRDA:1142,184,1,0
BRDA:1142,185,0,0
BRDA:1142,185,1,0
BRDA:1142,185,2,0
BRDA:1148,186,0,0
BRDA:1148,186,1,0
BRDA:1150,187,0,0
BRDA:1150,187,1,0
BRDA:1151,188,0,0
BRDA:1151,188,1,0
BRDA:1152,189,0,0
BRDA:1152,189,1,0
BRDA:1153,190,0,0
BRDA:1153,190,1,0
BRDA:1154,191,0,0
BRDA:1154,191,1,0
BRDA:1155,192,0,0
BRDA:1155,192,1,0
BRDA:1159,193,0,0
BRDA:1159,193,1,0
BRDA:1183,194,0,0
BRDA:1183,194,1,0
BRDA:1184,195,0,0
BRDA:1184,195,1,0
BRDA:1185,196,0,0
BRDA:1185,196,1,0
BRF:402
BRH:0
end_of_record
TN:
SF:src/permissions.ts
FN:23,loadPermissionsConfig
FN:32,parseMCPMessage
FN:34,(anonymous_3)
FN:51,isMethodAllowed
FN:72,createErrorResponse
FN:84,createMessageFilter
FN:85,(anonymous_7)
FNF:7
FNH:7
FNDA:3,loadPermissionsConfig
FNDA:9,parseMCPMessage
FNDA:11,(anonymous_3)
FNDA:16,isMethodAllowed
FNDA:4,createErrorResponse
FNDA:5,createMessageFilter
FNDA:5,(anonymous_7)
DA:1,1
DA:23,1
DA:24,3
DA:25,3
DA:26,2
DA:28,2
DA:32,1
DA:33,9
DA:34,11
DA:35,9
DA:36,9
DA:37,9
DA:38,7
DA:39,6
DA:42,2
DA:45,3
DA:47,0
DA:51,1
DA:52,16
DA:54,15
DA:55,15
DA:56,15
DA:59,14
DA:60,6
DA:64,8
DA:65,7
DA:69,2
DA:72,1
DA:73,4
DA:81,4
DA:84,1
DA:85,5
DA:86,5
DA:87,1
DA:90,4
DA:91,4
DA:92,2
DA:95,2
DA:96,1
DA:97,1
DA:100,1
LF:41
LH:40
BRDA:38,0,0,6
BRDA:38,0,1,1
BRDA:52,1,0,1
BRDA:52,1,1,15
BRDA:52,2,0,16
BRDA:52,2,1,16
BRDA:56,3,0,1
BRDA:56,3,1,14
BRDA:59,4,0,6
BRDA:59,4,1,8
BRDA:59,5,0,14
BRDA:59,5,1,8
BRDA:64,6,0,7
BRDA:64,6,1,1
BRDA:64,7,0,8
BRDA:64,7,1,4
BRDA:75,8,0,4
BRDA:75,8,1,1
BRDA:86,9,0,1
BRDA:86,9,1,4
BRDA:91,10,0,2
BRDA:91,10,1,2
BRDA:91,11,0,4
BRDA:91,11,1,3
BRDA:95,12,0,1
BRDA:95,12,1,1
BRF:26
BRH:26
end_of_record
TN:
SF:src/utils.ts
FN:1,log
FN:5,calculateBackoffDelay
FN:9,extractPortFromArgs
FN:17,extractHostFromArgs
FN:22,extractBooleanFlag
FN:26,extractCommaSeparatedRoles
FN:32,extractCommandAndArgs
FN:42,validateProtocol
FN:46,validateMode
FN:50,validatePort
FNF:10
FNH:10
FNDA:3,log
FNDA:8,calculateBackoffDelay
FNDA:4,extractPortFromArgs
FNDA:2,extractHostFromArgs
FNDA:2,extractBooleanFlag
FNDA:3,extractCommaSeparatedRoles
FNDA:4,extractCommandAndArgs
FNDA:4,validateProtocol
FNDA:4,validateMode
FNDA:7,validatePort
DA:1,1
DA:2,3
DA:5,1
DA:6,8
DA:9,1
DA:10,4
DA:11,4
DA:13,2
DA:14,2
DA:17,1
DA:18,2
DA:19,2
DA:22,1
DA:23,2
DA:26,1
DA:27,3
DA:28,3
DA:29,2
DA:32,1
DA:33,4
DA:34,4
DA:36,2
DA:42,1
DA:43,4
DA:46,1
DA:47,4
DA:50,1
DA:51,7
LF:28
LH:28
BRDA:2,0,0,1
BRDA:2,0,1,2
BRDA:5,1,0,0
BRDA:11,2,0,2
BRDA:11,2,1,2
BRDA:11,3,0,4
BRDA:11,3,1,3
BRDA:14,4,0,1
BRDA:14,4,1,1
BRDA:19,5,0,1
BRDA:19,5,1,1
BRDA:19,6,0,2
BRDA:19,6,1,1
BRDA:28,7,0,1
BRDA:28,7,1,2
BRDA:28,8,0,3
BRDA:28,8,1,2
BRDA:34,9,0,2
BRDA:34,9,1,2
BRDA:34,10,0,4
BRDA:34,10,1,3
BRDA:43,11,0,4
BRDA:43,11,1,3
BRDA:47,12,0,4
BRDA:47,12,1,3
BRDA:51,13,0,7
BRDA:51,13,1,6
BRDA:51,13,2,4
BRF:28
BRH:27
end_of_record
